presentation/build/intermediates/manifest_merge_blame_file/debug/manifest-merger-blame-debug-report.txt
1<?xml version="1.0" encoding="utf-8"?>
2<manifest xmlns:android="http://schemas.android.com/apk/res/android"
3    package="com.example.presentation" >
4
5    <uses-sdk android:minSdkVersion="24" />
5-->src/main/AndroidManifest.xml
6
7    <application>
7-->src/main/AndroidManifest.xml:4:5-8:19
8        <activity
8-->src/main/AndroidManifest.xml:5:9-7:39
9            android:name="com.example.presentation.MainActivity"
9-->src/main/AndroidManifest.xml:6:13-41
10            android:exported="true" />
10-->src/main/AndroidManifest.xml:7:13-36
11    </application>
12
13</manifest>